<?xml version="1.0" encoding="UTF-8"?>
<testng-results ignored="0" total="2" passed="2" failed="0" skipped="0">
  <reporter-output>
  </reporter-output>
  <suite started-at="2023-02-25T11:51:13 CST" name="Default suite" finished-at="2023-02-25T11:51:30 CST" duration-ms="17330">
    <groups>
    </groups>
    <test started-at="2023-02-25T11:51:13 CST" name="Default test" finished-at="2023-02-25T11:51:30 CST" duration-ms="17330">
      <class name="Com.TestNGFramwork.TestNGPractice.TestNGAmazon">
        <test-method is-config="true" signature="beforeTest()[pri:0, instance:Com.TestNGFramwork.TestNGPractice.TestNGAmazon@3d5c822d]" started-at="2023-02-25T11:51:13 CST" name="beforeTest" finished-at="2023-02-25T11:51:15 CST" duration-ms="1903" status="PASS">
          <reporter-output>
          </reporter-output>
        </test-method> <!-- beforeTest -->
        <test-method signature="testTwo()[pri:1, instance:Com.TestNGFramwork.TestNGPractice.TestNGAmazon@3d5c822d]" started-at="2023-02-25T11:51:15 CST" name="testTwo" finished-at="2023-02-25T11:51:24 CST" duration-ms="9274" status="PASS">
          <reporter-output>
          </reporter-output>
        </test-method> <!-- testTwo -->
        <test-method signature="testOne()[pri:2, instance:Com.TestNGFramwork.TestNGPractice.TestNGAmazon@3d5c822d]" started-at="2023-02-25T11:51:24 CST" name="testOne" finished-at="2023-02-25T11:51:27 CST" depends-on-methods="Com.TestNGFramwork.TestNGPractice.TestNGAmazon.testTwo" duration-ms="3003" status="PASS">
          <reporter-output>
          </reporter-output>
        </test-method> <!-- testOne -->
        <test-method is-config="true" signature="afterTest()[pri:0, instance:Com.TestNGFramwork.TestNGPractice.TestNGAmazon@3d5c822d]" started-at="2023-02-25T11:51:27 CST" name="afterTest" finished-at="2023-02-25T11:51:30 CST" duration-ms="3120" status="PASS">
          <reporter-output>
          </reporter-output>
        </test-method> <!-- afterTest -->
      </class> <!-- Com.TestNGFramwork.TestNGPractice.TestNGAmazon -->
    </test> <!-- Default test -->
  </suite> <!-- Default suite -->
</testng-results>
